#
# A fatal error has been detected by the Java Runtime Environment:
#
#  SIGSEGV (0xb) at pc=0xb4763183, pid=11448, tid=3078110016
#
# JRE version: Java(TM) SE Runtime Environment (7.0_51-b13) (build 1.7.0_51-b13)
# Java VM: Java HotSpot(TM) Server VM (24.51-b03 mixed mode linux-x86 )
# Problematic frame:
# J  com.android.dx.cf.code.BytecodeArray.processWorkSet([ILcom/android/dx/cf/code/BytecodeArray$Visitor;)V
#
# Failed to write core dump. Core dumps have been disabled. To enable core dumping, try "ulimit -c unlimited" before starting Java again
#
# If you would like to submit a bug report, please visit:
#   http://bugreport.sun.com/bugreport/crash.jsp
#

---------------  T H R E A D  ---------------

Current thread (0xb7607400):  JavaThread "main" [_thread_in_Java, id=11459, stack(0xb7733000,0xb7784000)]

siginfo:si_signo=SIGSEGV: si_errno=0, si_code=128 (), si_addr=0x00000000

Registers:
EAX=0xa23ca4e8, EBX=0xa23ca4c0, ECX=0xa23b5078, EDX=0x00000001
ESP=0xb7782a80, EBP=0x00000002, ESI=0xb4763188, EDI=0x00000000
EIP=0xb4763183, EFLAGS=0x00010246, CR2=0x00000004

Top of Stack: (sp=0xb7782a80)
0xb7782a80:   a23ca4c0 a23b5078 a23ca4e8 00000001
0xb7782a90:   a23ca4c0 b7782ac0 b45fb51a a23b5398
0xb7782aa0:   b7782aa0 70769580 b7782aec b45fb387
0xb7782ab0:   a23ca4c0 70769598 b7782aec b45fb387
0xb7782ac0:   a23ca4c0 a23ca4e8 a23b5078 b7782acc
0xb7782ad0:   70776871 b7782b10 70776f80 70871b84
0xb7782ae0:   70776970 b7782ac0 b7782b10 b7782b34
0xb7782af0:   b45fb387 00000000 00000000 00000000 

Instructions: (pc=0xb4763183)
0xb4763163:   89 54 24 30 f7 d3 21 5c b8 0c 89 44 24 08 8b 4c
0xb4763173:   24 04 8b 54 24 0c 8b 5c 24 30 89 1c 24 66 66 90
0xb4763183:   e8 84 54 0e 00 8b 7c 24 0c 8b 5c 24 10 89 7b 08
0xb4763193:   8b 7c 24 08 33 c9 eb 11 8b d1 42 3b d5 7d 31 8b 

Register to memory mapping:

EAX=0xa23ca4e8 is an oop
[I 
 - klass: {type array int}
 - length: 2
EBX=0xa23ca4c0 is an oop
com.android.dx.cf.code.BasicBlocker 
 - klass: 'com/android/dx/cf/code/BasicBlocker'
ECX=0xa23b5078 is an oop
com.android.dx.cf.code.BytecodeArray 
 - klass: 'com/android/dx/cf/code/BytecodeArray'
EDX=0x00000001 is an unknown value
ESP=0xb7782a80 is pointing into the stack for thread: 0xb7607400
EBP=0x00000002 is an unknown value
ESI=0xb4763188 is at entry_point+232 in (nmethod*)0xb4762f88
EDI=0x00000000 is an unknown value


Stack: [0xb7733000,0xb7784000],  sp=0xb7782a80,  free space=318k
Native frames: (J=compiled Java code, j=interpreted, Vv=VM code, C=native code)
J  com.android.dx.cf.code.BytecodeArray.processWorkSet([ILcom/android/dx/cf/code/BytecodeArray$Visitor;)V


---------------  P R O C E S S  ---------------

Java Threads: ( => current thread )
  0x6d099400 JavaThread "Service Thread" daemon [_thread_blocked, id=11470, stack(0x6c96d000,0x6c9be000)]
  0x6d097400 JavaThread "C2 CompilerThread1" daemon [_thread_blocked, id=11469, stack(0x6c9be000,0x6ca3f000)]
  0x6d095400 JavaThread "C2 CompilerThread0" daemon [_thread_in_native, id=11468, stack(0x6ca3f000,0x6cac0000)]
  0x6d093c00 JavaThread "Signal Dispatcher" daemon [_thread_blocked, id=11467, stack(0x6cac0000,0x6cb11000)]
  0x6d084400 JavaThread "Finalizer" daemon [_thread_blocked, id=11466, stack(0x6fb2e000,0x6fb7f000)]
  0x6d082c00 JavaThread "Reference Handler" daemon [_thread_blocked, id=11465, stack(0x6fd2e000,0x6fd7f000)]
=>0xb7607400 JavaThread "main" [_thread_in_Java, id=11459, stack(0xb7733000,0xb7784000)]

Other Threads:
  0x6d081000 VMThread [stack: 0x6d137000,0x6d1b8000] [id=11464]
  0x6d09b400 WatcherThread [stack: 0x6c8ec000,0x6c96d000] [id=11471]

VM state:not at safepoint (normal execution)

VM Mutex/Monitor currently owned by a thread: None

Heap
 PSYoungGen      total 61952K, used 61617K [0x9ef80000, 0xa7200000, 0xb4500000)
  eden space 54528K, 99% used [0x9ef80000,0xa246f488,0xa24c0000)
  from space 7424K, 99% used [0xa24c0000,0xa2bfd000,0xa2c00000)
  to   space 12288K, 0% used [0xa6600000,0xa6600000,0xa7200000)
 ParOldGen       total 36608K, used 21572K [0x74500000, 0x768c0000, 0x9ef80000)
  object space 36608K, 58% used [0x74500000,0x75a110c0,0x768c0000)
 PSPermGen       total 16384K, used 3555K [0x70500000, 0x71500000, 0x74500000)
  object space 16384K, 21% used [0x70500000,0x70878c08,0x71500000)

Card table byte_map: [0x702df000,0x70500000] byte_map_base: 0x6ff5c800

Polling page: 0xb7799000

Code Cache  [0xb45f8000, 0xb4858000, 0xb75f8000)
 total_blobs=756 nmethods=636 adapters=73 free_code_cache=46791Kb largest_free_block=47849856

Compilation events (10 events):
Event: 6.091 Thread 0x6d095400  639             com.android.dx.cf.attrib.BaseAttribute::<init> (24 bytes)
Event: 6.092 Thread 0x6d095400 nmethod 639 0xb4828c88 code [0xb4828d80, 0xb4828df0]
Event: 6.092 Thread 0x6d095400  640             com.android.dx.util.ByteArray::size (5 bytes)
Event: 6.093 Thread 0x6d095400 nmethod 640 0xb4828b08 code [0xb4828be0, 0xb4828c30]
Event: 6.108 Thread 0x6d095400  641             com.android.dx.util.Bits::isEmpty (26 bytes)
Event: 6.110 Thread 0x6d095400 nmethod 641 0xb48288c8 code [0xb48289c0, 0xb4828a50]
Event: 6.125 Thread 0x6d095400  642             com.android.dx.rop.cst.CstNat::isInstanceInit (13 bytes)
Event: 6.126 Thread 0x6d095400 nmethod 642 0xb4828608 code [0xb4828700, 0xb4828830]
Event: 6.134 Thread 0x6d095400  643   !         com.android.dx.cf.direct.StdAttributeFactory::parseLocalVariables (274 bytes)
Event: 6.146 Thread 0x6d097400 nmethod 632 0xb4847048 code [0xb4848600, 0xb484e630]

GC Heap History (10 events):
Event: 2.847 GC heap before
{Heap before GC invocations=3 (full 0):
 PSYoungGen      total 16128K, used 16121K [0x9ef80000, 0xa0f00000, 0xb4500000)
  eden space 13824K, 100% used [0x9ef80000,0x9fd00000,0x9fd00000)
  from space 2304K, 99% used [0x9ff40000,0xa017e478,0xa0180000)
  to   space 2304K, 0% used [0x9fd00000,0x9fd00000,0x9ff40000)
 ParOldGen       total 36608K, used 3914K [0x74500000, 0x768c0000, 0x9ef80000)
  object space 36608K, 10% used [0x74500000,0x748d2a88,0x768c0000)
 PSPermGen       total 16384K, used 3475K [0x70500000, 0x71500000, 0x74500000)
  object space 16384K, 21% used [0x70500000,0x70864f90,0x71500000)
Event: 2.856 GC heap after
Heap after GC invocations=3 (full 0):
 PSYoungGen      total 16128K, used 2299K [0x9ef80000, 0xa0f00000, 0xb4500000)
  eden space 13824K, 0% used [0x9ef80000,0x9ef80000,0x9fd00000)
  from space 2304K, 99% used [0x9fd00000,0x9ff3ed90,0x9ff40000)
  to   space 2304K, 0% used [0xa0cc0000,0xa0cc0000,0xa0f00000)
 ParOldGen       total 36608K, used 6542K [0x74500000, 0x768c0000, 0x9ef80000)
  object space 36608K, 17% used [0x74500000,0x74b638e0,0x768c0000)
 PSPermGen       total 16384K, used 3475K [0x70500000, 0x71500000, 0x74500000)
  object space 16384K, 21% used [0x70500000,0x70864f90,0x71500000)
}
Event: 3.344 GC heap before
{Heap before GC invocations=4 (full 0):
 PSYoungGen      total 16128K, used 16123K [0x9ef80000, 0xa0f00000, 0xb4500000)
  eden space 13824K, 100% used [0x9ef80000,0x9fd00000,0x9fd00000)
  from space 2304K, 99% used [0x9fd00000,0x9ff3ed90,0x9ff40000)
  to   space 2304K, 0% used [0xa0cc0000,0xa0cc0000,0xa0f00000)
 ParOldGen       total 36608K, used 6542K [0x74500000, 0x768c0000, 0x9ef80000)
  object space 36608K, 17% used [0x74500000,0x74b638e0,0x768c0000)
 PSPermGen       total 16384K, used 3490K [0x70500000, 0x71500000, 0x74500000)
  object space 16384K, 21% used [0x70500000,0x70868a38,0x71500000)
Event: 3.358 GC heap after
Heap after GC invocations=4 (full 0):
 PSYoungGen      total 29952K, used 2299K [0x9ef80000, 0xa0f00000, 0xb4500000)
  eden space 27648K, 0% used [0x9ef80000,0x9ef80000,0xa0a80000)
  from space 2304K, 99% used [0xa0cc0000,0xa0efed10,0xa0f00000)
  to   space 2304K, 0% used [0xa0a80000,0xa0a80000,0xa0cc0000)
 ParOldGen       total 36608K, used 8796K [0x74500000, 0x768c0000, 0x9ef80000)
  object space 36608K, 24% used [0x74500000,0x74d970e8,0x768c0000)
 PSPermGen       total 16384K, used 3490K [0x70500000, 0x71500000, 0x74500000)
  object space 16384K, 21% used [0x70500000,0x70868a38,0x71500000)
}
Event: 4.049 GC heap before
{Heap before GC invocations=5 (full 0):
 PSYoungGen      total 29952K, used 29947K [0x9ef80000, 0xa0f00000, 0xb4500000)
  eden space 27648K, 100% used [0x9ef80000,0xa0a80000,0xa0a80000)
  from space 2304K, 99% used [0xa0cc0000,0xa0efed10,0xa0f00000)
  to   space 2304K, 0% used [0xa0a80000,0xa0a80000,0xa0cc0000)
 ParOldGen       total 36608K, used 8796K [0x74500000, 0x768c0000, 0x9ef80000)
  object space 36608K, 24% used [0x74500000,0x74d970e8,0x768c0000)
 PSPermGen       total 16384K, used 3506K [0x70500000, 0x71500000, 0x74500000)
  object space 16384K, 21% used [0x70500000,0x7086c9b0,0x71500000)
Event: 4.068 GC heap after
Heap after GC invocations=5 (full 0):
 PSYoungGen      total 29952K, used 2300K [0x9ef80000, 0xa3280000, 0xb4500000)
  eden space 27648K, 0% used [0x9ef80000,0x9ef80000,0xa0a80000)
  from space 2304K, 99% used [0xa0a80000,0xa0cbf2c8,0xa0cc0000)
  to   space 6656K, 0% used [0xa2c00000,0xa2c00000,0xa3280000)
 ParOldGen       total 36608K, used 13186K [0x74500000, 0x768c0000, 0x9ef80000)
  object space 36608K, 36% used [0x74500000,0x751e0950,0x768c0000)
 PSPermGen       total 16384K, used 3506K [0x70500000, 0x71500000, 0x74500000)
  object space 16384K, 21% used [0x70500000,0x7086c9b0,0x71500000)
}
Event: 4.646 GC heap before
{Heap before GC invocations=6 (full 0):
 PSYoungGen      total 29952K, used 29948K [0x9ef80000, 0xa3280000, 0xb4500000)
  eden space 27648K, 100% used [0x9ef80000,0xa0a80000,0xa0a80000)
  from space 2304K, 99% used [0xa0a80000,0xa0cbf2c8,0xa0cc0000)
  to   space 6656K, 0% used [0xa2c00000,0xa2c00000,0xa3280000)
 ParOldGen       total 36608K, used 13186K [0x74500000, 0x768c0000, 0x9ef80000)
  object space 36608K, 36% used [0x74500000,0x751e0950,0x768c0000)
 PSPermGen       total 16384K, used 3520K [0x70500000, 0x71500000, 0x74500000)
  object space 16384K, 21% used [0x70500000,0x70870348,0x71500000)
Event: 4.666 GC heap after
Heap after GC invocations=6 (full 0):
 PSYoungGen      total 61184K, used 6654K [0x9ef80000, 0xa3400000, 0xb4500000)
  eden space 54528K, 0% used [0x9ef80000,0x9ef80000,0xa24c0000)
  from space 6656K, 99% used [0xa2c00000,0xa327fa68,0xa3280000)
  to   space 7424K, 0% used [0xa24c0000,0xa24c0000,0xa2c00000)
 ParOldGen       total 36608K, used 13511K [0x74500000, 0x768c0000, 0x9ef80000)
  object space 36608K, 36% used [0x74500000,0x75231da0,0x768c0000)
 PSPermGen       total 16384K, used 3520K [0x70500000, 0x71500000, 0x74500000)
  object space 16384K, 21% used [0x70500000,0x70870348,0x71500000)
}
Event: 5.516 GC heap before
{Heap before GC invocations=7 (full 0):
 PSYoungGen      total 61184K, used 61182K [0x9ef80000, 0xa3400000, 0xb4500000)
  eden space 54528K, 100% used [0x9ef80000,0xa24c0000,0xa24c0000)
  from space 6656K, 99% used [0xa2c00000,0xa327fa68,0xa3280000)
  to   space 7424K, 0% used [0xa24c0000,0xa24c0000,0xa2c00000)
 ParOldGen       total 36608K, used 13511K [0x74500000, 0x768c0000, 0x9ef80000)
  object space 36608K, 36% used [0x74500000,0x75231da0,0x768c0000)
 PSPermGen       total 16384K, used 3541K [0x70500000, 0x71500000, 0x74500000)
  object space 16384K, 21% used [0x70500000,0x708755d8,0x71500000)
Event: 5.550 GC heap after
Heap after GC invocations=7 (full 0):
 PSYoungGen      total 61952K, used 7412K [0x9ef80000, 0xa7200000, 0xb4500000)
  eden space 54528K, 0% used [0x9ef80000,0x9ef80000,0xa24c0000)
  from space 7424K, 99% used [0xa24c0000,0xa2bfd000,0xa2c00000)
  to   space 12288K, 0% used [0xa6600000,0xa6600000,0xa7200000)
 ParOldGen       total 36608K, used 21572K [0x74500000, 0x768c0000, 0x9ef80000)
  object space 36608K, 58% used [0x74500000,0x75a110c0,0x768c0000)
 PSPermGen       total 16384K, used 3541K [0x70500000, 0x71500000, 0x74500000)
  object space 16384K, 21% used [0x70500000,0x708755d8,0x71500000)
}

Deoptimization events (10 events):
Event: 4.978 Thread 0xb7607400 Uncommon trap: reason=bimorphic action=maybe_recompile pc=0xb471352c method=com.android.dx.cf.code.BytecodeArray.parseInstruction(ILcom/android/dx/cf/code/BytecodeArray$Visitor;)I @ 2484
Event: 4.978 Thread 0xb7607400 Uncommon trap: reason=bimorphic action=maybe_recompile pc=0xb471352c method=com.android.dx.cf.code.BytecodeArray.parseInstruction(ILcom/android/dx/cf/code/BytecodeArray$Visitor;)I @ 2484
Event: 5.136 Thread 0xb7607400 Uncommon trap: reason=class_check action=maybe_recompile pc=0xb4772330 method=com.android.dx.ssa.PhiTypeResolver.run()V @ 151
Event: 5.165 Thread 0xb7607400 Uncommon trap: reason=unreached action=reinterpret pc=0xb46931d0 method=com.android.dx.ssa.SCCP.simulateBranch(Lcom/android/dx/ssa/SsaInsn;)V @ 132
Event: 5.310 Thread 0xb7607400 Uncommon trap: reason=null_check action=make_not_entrant pc=0xb47d9fa4 method=com.android.dx.dex.file.FieldIdsSection.intern(Lcom/android/dx/rop/cst/CstFieldRef;)Lcom/android/dx/dex/file/FieldIdItem; @ 26
Event: 5.572 Thread 0xb7607400 Uncommon trap: reason=class_check action=maybe_recompile pc=0xb4772330 method=com.android.dx.ssa.PhiTypeResolver.run()V @ 151
Event: 5.660 Thread 0xb7607400 Uncommon trap: reason=class_check action=maybe_recompile pc=0xb4772330 method=com.android.dx.ssa.PhiTypeResolver.run()V @ 151
Event: 5.823 Thread 0xb7607400 Uncommon trap: reason=bimorphic action=maybe_recompile pc=0xb4807c60 method=com.android.dx.cf.code.BytecodeArray.parseInstruction(ILcom/android/dx/cf/code/BytecodeArray$Visitor;)I @ 907
Event: 5.823 Thread 0xb7607400 Uncommon trap: reason=bimorphic action=maybe_recompile pc=0xb4807c60 method=com.android.dx.cf.code.BytecodeArray.parseInstruction(ILcom/android/dx/cf/code/BytecodeArray$Visitor;)I @ 907
Event: 6.082 Thread 0xb7607400 Uncommon trap: reason=unloaded action=reinterpret pc=0xb472b0c8 method=com.android.dx.ssa.LiteralOpUpgrader$1.visitNonMoveInsn(Lcom/android/dx/ssa/NormalSsaInsn;)V @ 72

Internal exceptions (10 events):
Event: 1.835 Thread 0xb7607400 Threw 0x9f2b7f40 at /HUDSON/workspace/7u-2-build-linux-i586/jdk7u51/527/hotspot/src/share/vm/prims/jvm.cpp:1244
Event: 2.107 Thread 0xb7607400 Implicit null exception at 0xb4680d83 to 0xb4681c15
Event: 2.180 Thread 0xb7607400 Threw 0x9f9fe070 at /HUDSON/workspace/7u-2-build-linux-i586/jdk7u51/527/hotspot/src/share/vm/prims/jvm.cpp:1244
Event: 2.793 Thread 0xb7607400 Threw 0x9fbdb370 at /HUDSON/workspace/7u-2-build-linux-i586/jdk7u51/527/hotspot/src/share/vm/prims/jvm.cpp:1244
Event: 3.214 Thread 0xb7607400 Implicit null exception at 0xb46e5cfa to 0xb46e62ed
Event: 3.476 Thread 0xb7607400 Threw 0x9f2bda68 at /HUDSON/workspace/7u-2-build-linux-i586/jdk7u51/527/hotspot/src/share/vm/prims/jvm.cpp:1244
Event: 5.695 Thread 0xb7607400 Threw 0x9f9887d8 at /HUDSON/workspace/7u-2-build-linux-i586/jdk7u51/527/hotspot/src/share/vm/prims/jvm.cpp:1244
Event: 5.813 Thread 0xb7607400 Threw 0xa035d8d0 at /HUDSON/workspace/7u-2-build-linux-i586/jdk7u51/527/hotspot/src/share/vm/prims/jvm.cpp:1244
Event: 6.082 Thread 0xb7607400 Threw 0xa1bf22f0 at /HUDSON/workspace/7u-2-build-linux-i586/jdk7u51/527/hotspot/src/share/vm/prims/jvm.cpp:1244
Event: 6.146 Thread 0xb7607400 Implicit null exception at 0xb4763183 to 0x00000000

Events (10 events):
Event: 5.823 Thread 0xb7607400 DEOPT PACKING pc=0xb4807c60 sp=0xb7782930
Event: 5.823 Thread 0xb7607400 DEOPT UNPACKING pc=0xb4624bbc sp=0xb7782944 mode 2
Event: 5.823 Thread 0xb7607400 Uncommon trap: trap_request=0xffffffc6 fr.pc=0xb4807c60
Event: 5.823 Thread 0xb7607400 DEOPT PACKING pc=0xb4807c60 sp=0xb7782930
Event: 5.823 Thread 0xb7607400 DEOPT UNPACKING pc=0xb4624bbc sp=0xb7782944 mode 2
Event: 6.082 Thread 0xb7607400 Uncommon trap: trap_request=0x0000004a fr.pc=0xb472b0c8
Event: 6.082 loading class 0x6c745920
Event: 6.082 loading class 0x6c745920 done
Event: 6.083 Thread 0xb7607400 DEOPT PACKING pc=0xb472b0c8 sp=0xb7782a00
Event: 6.083 Thread 0xb7607400 DEOPT UNPACKING pc=0xb4624bbc sp=0xb77829f4 mode 2


Dynamic libraries:
00110000-002b3000 r-xp 00000000 08:05 393337     /lib/i386-linux-gnu/libc-2.15.so
002b3000-002b5000 r--p 001a3000 08:05 393337     /lib/i386-linux-gnu/libc-2.15.so
002b5000-002b6000 rw-p 001a5000 08:05 393337     /lib/i386-linux-gnu/libc-2.15.so
002b6000-002b9000 rw-p 00000000 00:00 0 
002b9000-002e3000 r-xp 00000000 08:05 393348     /lib/i386-linux-gnu/libm-2.15.so
002e3000-002e4000 r--p 00029000 08:05 393348     /lib/i386-linux-gnu/libm-2.15.so
002e4000-002e5000 rw-p 0002a000 08:05 393348     /lib/i386-linux-gnu/libm-2.15.so
002e5000-002ec000 r-xp 00000000 08:05 393344     /lib/i386-linux-gnu/librt-2.15.so
002ec000-002ed000 r--p 00006000 08:05 393344     /lib/i386-linux-gnu/librt-2.15.so
002ed000-002ee000 rw-p 00007000 08:05 393344     /lib/i386-linux-gnu/librt-2.15.so
002ee000-002f9000 r-xp 00000000 08:05 8653047    /opt/java/32/jre1.7.0_51/lib/i386/libverify.so
002f9000-002fa000 rw-p 0000b000 08:05 8653047    /opt/java/32/jre1.7.0_51/lib/i386/libverify.so
002fa000-0031d000 r-xp 00000000 08:05 8653065    /opt/java/32/jre1.7.0_51/lib/i386/libjava.so
0031d000-0031e000 rw-p 00022000 08:05 8653065    /opt/java/32/jre1.7.0_51/lib/i386/libjava.so
0031e000-00328000 r-xp 00000000 08:05 393345     /lib/i386-linux-gnu/libnss_nis-2.15.so
00328000-00329000 r--p 00009000 08:05 393345     /lib/i386-linux-gnu/libnss_nis-2.15.so
00329000-0032a000 rw-p 0000a000 08:05 393345     /lib/i386-linux-gnu/libnss_nis-2.15.so
003db000-003dc000 r-xp 00000000 00:00 0          [vdso]
005b0000-005b3000 r-xp 00000000 08:05 394299     /lib/i386-linux-gnu/libdl-2.15.so
005b3000-005b4000 r--p 00002000 08:05 394299     /lib/i386-linux-gnu/libdl-2.15.so
005b4000-005b5000 rw-p 00003000 08:05 394299     /lib/i386-linux-gnu/libdl-2.15.so
005e7000-005f5000 r-xp 00000000 08:05 8653088    /opt/java/32/jre1.7.0_51/lib/i386/libnio.so
005f5000-005f6000 rw-p 0000e000 08:05 8653088    /opt/java/32/jre1.7.0_51/lib/i386/libnio.so
005f8000-0060f000 r-xp 00000000 08:05 8653101    /opt/java/32/jre1.7.0_51/lib/i386/libzip.so
0060f000-00610000 rw-p 00017000 08:05 8653101    /opt/java/32/jre1.7.0_51/lib/i386/libzip.so
00725000-0073c000 r-xp 00000000 08:05 393346     /lib/i386-linux-gnu/libpthread-2.15.so
0073c000-0073d000 r--p 00016000 08:05 393346     /lib/i386-linux-gnu/libpthread-2.15.so
0073d000-0073e000 rw-p 00017000 08:05 393346     /lib/i386-linux-gnu/libpthread-2.15.so
0073e000-00740000 rw-p 00000000 00:00 0 
00748000-00753000 r-xp 00000000 08:05 393341     /lib/i386-linux-gnu/libnss_files-2.15.so
00753000-00754000 r--p 0000a000 08:05 393341     /lib/i386-linux-gnu/libnss_files-2.15.so
00754000-00755000 rw-p 0000b000 08:05 393341     /lib/i386-linux-gnu/libnss_files-2.15.so
0086a000-0088a000 r-xp 00000000 08:05 393349     /lib/i386-linux-gnu/ld-2.15.so
0088a000-0088b000 r--p 0001f000 08:05 393349     /lib/i386-linux-gnu/ld-2.15.so
0088b000-0088c000 rw-p 00020000 08:05 393349     /lib/i386-linux-gnu/ld-2.15.so
00897000-008ad000 r-xp 00000000 08:05 397323     /lib/i386-linux-gnu/libnsl-2.15.so
008ad000-008ae000 r--p 00015000 08:05 397323     /lib/i386-linux-gnu/libnsl-2.15.so
008ae000-008af000 rw-p 00016000 08:05 397323     /lib/i386-linux-gnu/libnsl-2.15.so
008af000-008b1000 rw-p 00000000 00:00 0 
009e4000-009f9000 r-xp 00000000 08:05 8653080    /opt/java/32/jre1.7.0_51/lib/i386/libnet.so
009f9000-009fa000 rw-p 00014000 08:05 8653080    /opt/java/32/jre1.7.0_51/lib/i386/libnet.so
00a3f000-00a46000 r-xp 00000000 08:05 393339     /lib/i386-linux-gnu/libnss_compat-2.15.so
00a46000-00a47000 r--p 00006000 08:05 393339     /lib/i386-linux-gnu/libnss_compat-2.15.so
00a47000-00a48000 rw-p 00007000 08:05 393339     /lib/i386-linux-gnu/libnss_compat-2.15.so
00ae6000-00af9000 r-xp 00000000 08:05 8653069    /opt/java/32/jre1.7.0_51/lib/i386/jli/libjli.so
00af9000-00afa000 rw-p 00012000 08:05 8653069    /opt/java/32/jre1.7.0_51/lib/i386/jli/libjli.so
00afa000-01371000 r-xp 00000000 08:05 8653100    /opt/java/32/jre1.7.0_51/lib/i386/server/libjvm.so
01371000-013d5000 rw-p 00877000 08:05 8653100    /opt/java/32/jre1.7.0_51/lib/i386/server/libjvm.so
013d5000-017f8000 rw-p 00000000 00:00 0 
08048000-08049000 r-xp 00000000 08:05 7625060    /opt/java/32/jre1.7.0_51/bin/java
08049000-0804a000 rw-p 00000000 08:05 7625060    /opt/java/32/jre1.7.0_51/bin/java
0979f000-09870000 rw-p 00000000 00:00 0          [heap]
6b300000-6b3f5000 rw-p 00000000 00:00 0 
6b3f5000-6b400000 ---p 00000000 00:00 0 
6b400000-6b500000 rw-p 00000000 00:00 0 
6b500000-6b600000 rw-p 00000000 00:00 0 
6b700000-6b7e6000 rw-p 00000000 00:00 0 
6b7e6000-6b800000 ---p 00000000 00:00 0 
6b800000-6b8fe000 rw-p 00000000 00:00 0 
6b8fe000-6b900000 ---p 00000000 00:00 0 
6b900000-6ba00000 rw-p 00000000 00:00 0 
6bb00000-6bbfa000 rw-p 00000000 00:00 0 
6bbfa000-6bc00000 ---p 00000000 00:00 0 
6bc00000-6bcff000 rw-p 00000000 00:00 0 
6bcff000-6bd00000 ---p 00000000 00:00 0 
6bd00000-6bdff000 rw-p 00000000 00:00 0 
6bdff000-6be00000 ---p 00000000 00:00 0 
6be00000-6befa000 rw-p 00000000 00:00 0 
6befa000-6bf00000 ---p 00000000 00:00 0 
6bf00000-6bff8000 rw-p 00000000 00:00 0 
6bff8000-6c000000 ---p 00000000 00:00 0 
6c000000-6c100000 rw-p 00000000 00:00 0 
6c100000-6c1fd000 rw-p 00000000 00:00 0 
6c1fd000-6c200000 ---p 00000000 00:00 0 
6c300000-6c3e7000 rw-p 00000000 00:00 0 
6c3e7000-6c400000 ---p 00000000 00:00 0 
6c400000-6c4f9000 rw-p 00000000 00:00 0 
6c4f9000-6c500000 ---p 00000000 00:00 0 
6c500000-6c5fd000 rw-p 00000000 00:00 0 
6c5fd000-6c600000 ---p 00000000 00:00 0 
6c600000-6c6fc000 rw-p 00000000 00:00 0 
6c6fc000-6c700000 ---p 00000000 00:00 0 
6c700000-6c796000 rw-p 00000000 00:00 0 
6c796000-6c800000 ---p 00000000 00:00 0 
6c8ac000-6c8ec000 r--s 002d6000 08:05 8001386    /home/kazuya/hackathon/music-link-android/bin/classes.proguard.jar
6c8ec000-6c8ed000 ---p 00000000 00:00 0 
6c8ed000-6c96d000 rw-p 00000000 00:00 0 
6c96d000-6c970000 ---p 00000000 00:00 0 
6c970000-6c9be000 rw-p 00000000 00:00 0 
6c9be000-6c9c1000 ---p 00000000 00:00 0 
6c9c1000-6ca3f000 rw-p 00000000 00:00 0 
6ca3f000-6ca42000 ---p 00000000 00:00 0 
6ca42000-6cac0000 rw-p 00000000 00:00 0 
6cac0000-6cac3000 ---p 00000000 00:00 0 
6cac3000-6cb11000 rw-p 00000000 00:00 0 
6cb11000-6cc00000 r--p 00857000 08:05 2104723    /usr/lib/locale/locale-archive
6cc00000-6ce00000 r--p 00000000 08:05 2104723    /usr/lib/locale/locale-archive
6ce00000-6cefe000 rw-p 00000000 00:00 0 
6cefe000-6cf00000 ---p 00000000 00:00 0 
6cf00000-6cf21000 rw-p 00000000 00:00 0 
6cf21000-6d000000 ---p 00000000 00:00 0 
6d000000-6d0fc000 rw-p 00000000 00:00 0 
6d0fc000-6d100000 ---p 00000000 00:00 0 
6d137000-6d138000 ---p 00000000 00:00 0 
6d138000-6d203000 rw-p 00000000 00:00 0 
6d203000-6d3c0000 r--s 031a3000 08:05 8264654    /opt/java/32/jre1.7.0_51/lib/rt.jar
6d3c0000-6fa00000 rw-p 00000000 00:00 0 
6fa00000-6fafb000 rw-p 00000000 00:00 0 
6fafb000-6fb00000 ---p 00000000 00:00 0 
6fb2e000-6fb31000 ---p 00000000 00:00 0 
6fb31000-6fb7f000 rw-p 00000000 00:00 0 
6fb7f000-6fb80000 ---p 00000000 00:00 0 
6fb80000-6fc00000 rw-p 00000000 00:00 0 
6fc00000-6fc21000 rw-p 00000000 00:00 0 
6fc21000-6fd00000 ---p 00000000 00:00 0 
6fd2e000-6fd31000 ---p 00000000 00:00 0 
6fd31000-6fd7f000 rw-p 00000000 00:00 0 
6fd7f000-6fd80000 ---p 00000000 00:00 0 
6fd80000-6fe00000 rw-p 00000000 00:00 0 
6fe00000-6fe21000 rw-p 00000000 00:00 0 
6fe21000-6ff00000 ---p 00000000 00:00 0 
6ff24000-6ff7f000 rw-p 00000000 00:00 0 
6ff7f000-6ff80000 ---p 00000000 00:00 0 
6ff80000-70000000 rw-p 00000000 00:00 0 
70000000-70021000 rw-p 00000000 00:00 0 
70021000-70100000 ---p 00000000 00:00 0 
70108000-70109000 ---p 00000000 00:00 0 
70109000-7019b000 rw-p 00000000 00:00 0 
7019b000-702df000 rw-p 00000000 00:00 0 
702df000-702e7000 rw-p 00000000 00:00 0 
702e7000-702ff000 rw-p 00000000 00:00 0 
702ff000-70311000 rw-p 00000000 00:00 0 
70311000-70454000 rw-p 00000000 00:00 0 
70454000-70496000 rw-p 00000000 00:00 0 
70496000-704ff000 rw-p 00000000 00:00 0 
704ff000-71500000 rw-p 00000000 00:00 0 
71500000-74500000 rw-p 00000000 00:00 0 
74500000-768c0000 rw-p 00000000 00:00 0 
768c0000-9ef80000 rw-p 00000000 00:00 0 
9ef80000-a7200000 rw-p 00000000 00:00 0 
a7200000-b4500000 rw-p 00000000 00:00 0 
b451e000-b4542000 rw-p 00000000 00:00 0 
b4542000-b45f8000 rw-p 00000000 00:00 0 
b45f8000-b4858000 rwxp 00000000 00:00 0 
b4858000-b75f8000 rw-p 00000000 00:00 0 
b75f8000-b7600000 rw-s 00000000 08:05 4200372    /tmp/hsperfdata_kazuya/11448
b7600000-b76f5000 rw-p 00000000 00:00 0 
b76f5000-b7700000 ---p 00000000 00:00 0 
b7713000-b771b000 rw-p 00000000 00:00 0 
b771b000-b7733000 rw-p 00000000 00:00 0 
b7733000-b7736000 ---p 00000000 00:00 0 
b7736000-b7786000 rw-p 00000000 00:00 0 
b778a000-b7798000 r--s 000cf000 08:05 1576394    /usr/local/android-studio/sdk/build-tools/android-4.4.2/lib/dx.jar
b7798000-b7799000 rw-p 00000000 00:00 0 
b7799000-b779a000 r--p 00000000 00:00 0 
b779a000-b779c000 rw-p 00000000 00:00 0 
bfc06000-bfc27000 rw-p 00000000 00:00 0          [stack]

VM Arguments:
jvm_args: -Xmx1024m 
java_command: /usr/local/android-studio/sdk/build-tools/android-4.4.2/lib/dx.jar --dex --incremental --no-strict --output /home/kazuya/hackathon/music-link-android/bin/classes.dex /home/kazuya/hackathon/music-link-android/bin/classes.proguard.jar
Launcher Type: SUN_STANDARD

Environment Variables:
JAVA_HOME=/usr/lib/jvm/java-7-openjdk-i386
PATH=/home/kazuya/.rbenv/shims:/home/kazuya/.rbenv/bin:/home/kazuya/bin:/usr/local/sbin:/usr/local/bin:/usr/sbin:/usr/bin:/sbin:/bin:/usr/games:/home/kazuya/tools/Sublime Text 2:/home/kazuya/tools/adt-bundle-linux-x86-20130917/eclipse:/usr/local/eclipse:/usr/local/android-studio/sdk/tools:/usr/local/android-studio/sdk/platform-tools:/usr/local/android-studio/bin
USERNAME=kazuya
SHELL=/usr/bin/zsh
DISPLAY=:0.0

Signal Handlers:
SIGSEGV: [libjvm.so+0x7dd5e0], sa_mask[0]=0x7ffbfeff, sa_flags=0x10000004
SIGBUS: [libjvm.so+0x7dd5e0], sa_mask[0]=0x7ffbfeff, sa_flags=0x10000004
SIGFPE: [libjvm.so+0x678d60], sa_mask[0]=0x7ffbfeff, sa_flags=0x10000004
SIGPIPE: [libjvm.so+0x678d60], sa_mask[0]=0x7ffbfeff, sa_flags=0x10000004
SIGXFSZ: [libjvm.so+0x678d60], sa_mask[0]=0x7ffbfeff, sa_flags=0x10000004
SIGILL: [libjvm.so+0x678d60], sa_mask[0]=0x7ffbfeff, sa_flags=0x10000004
SIGUSR1: SIG_DFL, sa_mask[0]=0x00000000, sa_flags=0x00000000
SIGUSR2: [libjvm.so+0x67a250], sa_mask[0]=0x00000004, sa_flags=0x10000004
SIGHUP: [libjvm.so+0x67b3a0], sa_mask[0]=0x7ffbfeff, sa_flags=0x10000004
SIGINT: [libjvm.so+0x67b3a0], sa_mask[0]=0x7ffbfeff, sa_flags=0x10000004
SIGTERM: [libjvm.so+0x67b3a0], sa_mask[0]=0x7ffbfeff, sa_flags=0x10000004
SIGQUIT: [libjvm.so+0x67b3a0], sa_mask[0]=0x7ffbfeff, sa_flags=0x10000004


---------------  S Y S T E M  ---------------

OS:wheezy/sid

uname:Linux 3.2.0-23-generic #36-Ubuntu SMP Tue Apr 10 20:41:14 UTC 2012 i686
libc:glibc 2.15 NPTL 2.15 
rlimit: STACK 8192k, CORE 0k, NPROC 27461, NOFILE 4096, AS infinity
load average:2.43 2.60 2.03

/proc/meminfo:
MemTotal:        3529532 kB
MemFree:          292452 kB
Buffers:           10992 kB
Cached:           640992 kB
SwapCached:         8044 kB
Active:          1774104 kB
Inactive:         879896 kB
Active(anon):    1578820 kB
Inactive(anon):   665828 kB
Active(file):     195284 kB
Inactive(file):   214068 kB
Unevictable:           0 kB
Mlocked:               0 kB
HighTotal:       2675396 kB
HighFree:          70512 kB
LowTotal:         854136 kB
LowFree:          221940 kB
SwapTotal:       4077564 kB
SwapFree:        3896200 kB
Dirty:              5780 kB
Writeback:             0 kB
AnonPages:       1994968 kB
Mapped:           585724 kB
Shmem:            242632 kB
Slab:              44252 kB
SReclaimable:      23708 kB
SUnreclaim:        20544 kB
KernelStack:        4304 kB
PageTables:         9184 kB
NFS_Unstable:          0 kB
Bounce:                0 kB
WritebackTmp:          0 kB
CommitLimit:     5842328 kB
Committed_AS:    4870728 kB
VmallocTotal:     122880 kB
VmallocUsed:       24076 kB
VmallocChunk:      92520 kB
HardwareCorrupted:     0 kB
AnonHugePages:         0 kB
HugePages_Total:       0
HugePages_Free:        0
HugePages_Rsvd:        0
HugePages_Surp:        0
Hugepagesize:       4096 kB
DirectMap4k:       16376 kB
DirectMap4M:      892928 kB


CPU:total 4 (2 cores per cpu, 2 threads per core) family 6 model 42 stepping 7, cmov, cx8, fxsr, mmx, sse, sse2, sse3, ssse3, sse4.1, sse4.2, popcnt, avx, aes, ht, tsc, tscinvbit

/proc/cpuinfo:
processor	: 0
vendor_id	: GenuineIntel
cpu family	: 6
model		: 42
model name	: Intel(R) Core(TM) i5-2520M CPU @ 2.50GHz
stepping	: 7
microcode	: 0x14
cpu MHz		: 2500.000
cache size	: 3072 KB
physical id	: 0
siblings	: 4
core id		: 0
cpu cores	: 2
apicid		: 0
initial apicid	: 0
fdiv_bug	: no
hlt_bug		: no
f00f_bug	: no
coma_bug	: no
fpu		: yes
fpu_exception	: yes
cpuid level	: 13
wp		: yes
flags		: fpu vme de pse tsc msr pae mce cx8 apic mtrr pge mca cmov pat pse36 clflush dts acpi mmx fxsr sse sse2 ss ht tm pbe nx rdtscp lm constant_tsc arch_perfmon pebs bts xtopology nonstop_tsc aperfmperf pni pclmulqdq dtes64 monitor ds_cpl vmx smx est tm2 ssse3 cx16 xtpr pdcm pcid sse4_1 sse4_2 x2apic popcnt tsc_deadline_timer aes xsave avx lahf_lm ida arat epb xsaveopt pln pts dts tpr_shadow vnmi flexpriority ept vpid
bogomips	: 4983.86
clflush size	: 64
cache_alignment	: 64
address sizes	: 36 bits physical, 48 bits virtual
power management:

processor	: 1
vendor_id	: GenuineIntel
cpu family	: 6
model		: 42
model name	: Intel(R) Core(TM) i5-2520M CPU @ 2.50GHz
stepping	: 7
microcode	: 0x14
cpu MHz		: 2500.000
cache size	: 3072 KB
physical id	: 0
siblings	: 4
core id		: 1
cpu cores	: 2
apicid		: 2
initial apicid	: 2
fdiv_bug	: no
hlt_bug		: no
f00f_bug	: no
coma_bug	: no
fpu		: yes
fpu_exception	: yes
cpuid level	: 13
wp		: yes
flags		: fpu vme de pse tsc msr pae mce cx8 apic mtrr pge mca cmov pat pse36 clflush dts acpi mmx fxsr sse sse2 ss ht tm pbe nx rdtscp lm constant_tsc arch_perfmon pebs bts xtopology nonstop_tsc aperfmperf pni pclmulqdq dtes64 monitor ds_cpl vmx smx est tm2 ssse3 cx16 xtpr pdcm pcid sse4_1 sse4_2 x2apic popcnt tsc_deadline_timer aes xsave avx lahf_lm ida arat epb xsaveopt pln pts dts tpr_shadow vnmi flexpriority ept vpid
bogomips	: 4983.64
clflush size	: 64
cache_alignment	: 64
address sizes	: 36 bits physical, 48 bits virtual
power management:

processor	: 2
vendor_id	: GenuineIntel
cpu family	: 6
model		: 42
model name	: Intel(R) Core(TM) i5-2520M CPU @ 2.50GHz
stepping	: 7
microcode	: 0x14
cpu MHz		: 2500.000
cache size	: 3072 KB
physical id	: 0
siblings	: 4
core id		: 0
cpu cores	: 2
apicid		: 1
initial apicid	: 1
fdiv_bug	: no
hlt_bug		: no
f00f_bug	: no
coma_bug	: no
fpu		: yes
fpu_exception	: yes
cpuid level	: 13
wp		: yes
flags		: fpu vme de pse tsc msr pae mce cx8 apic mtrr pge mca cmov pat pse36 clflush dts acpi mmx fxsr sse sse2 ss ht tm pbe nx rdtscp lm constant_tsc arch_perfmon pebs bts xtopology nonstop_tsc aperfmperf pni pclmulqdq dtes64 monitor ds_cpl vmx smx est tm2 ssse3 cx16 xtpr pdcm pcid sse4_1 sse4_2 x2apic popcnt tsc_deadline_timer aes xsave avx lahf_lm ida arat epb xsaveopt pln pts dts tpr_shadow vnmi flexpriority ept vpid
bogomips	: 4983.62
clflush size	: 64
cache_alignment	: 64
address sizes	: 36 bits physical, 48 bits virtual
power management:

processor	: 3
vendor_id	: GenuineIntel
cpu family	: 6
model		: 42
model name	: Intel(R) Core(TM) i5-2520M CPU @ 2.50GHz
stepping	: 7
microcode	: 0x14
cpu MHz		: 800.000
cache size	: 3072 KB
physical id	: 0
siblings	: 4
core id		: 1
cpu cores	: 2
apicid		: 3
initial apicid	: 3
fdiv_bug	: no
hlt_bug		: no
f00f_bug	: no
coma_bug	: no
fpu		: yes
fpu_exception	: yes
cpuid level	: 13
wp		: yes
flags		: fpu vme de pse tsc msr pae mce cx8 apic mtrr pge mca cmov pat pse36 clflush dts acpi mmx fxsr sse sse2 ss ht tm pbe nx rdtscp lm constant_tsc arch_perfmon pebs bts xtopology nonstop_tsc aperfmperf pni pclmulqdq dtes64 monitor ds_cpl vmx smx est tm2 ssse3 cx16 xtpr pdcm pcid sse4_1 sse4_2 x2apic popcnt tsc_deadline_timer aes xsave avx lahf_lm ida arat epb xsaveopt pln pts dts tpr_shadow vnmi flexpriority ept vpid
bogomips	: 4983.63
clflush size	: 64
cache_alignment	: 64
address sizes	: 36 bits physical, 48 bits virtual
power management:



Memory: 4k page, physical 3529532k(292452k free), swap 4077564k(3896200k free)

vm_info: Java HotSpot(TM) Server VM (24.51-b03) for linux-x86 JRE (1.7.0_51-b13), built on Dec 18 2013 18:45:30 by "java_re" with gcc 4.3.0 20080428 (Red Hat 4.3.0-8)

time: Sun Jun 15 11:21:58 2014
elapsed time: 6 seconds

