#
# A fatal error has been detected by the Java Runtime Environment:
#
#  SIGSEGV (0xb) at pc=0xb48680f3, pid=8412, tid=3078507328
#
# JRE version: Java(TM) SE Runtime Environment (7.0_51-b13) (build 1.7.0_51-b13)
# Java VM: Java HotSpot(TM) Server VM (24.51-b03 mixed mode linux-x86 )
# Problematic frame:
# J  com.android.dx.cf.code.BasicBlocker.doit()V
#
# Failed to write core dump. Core dumps have been disabled. To enable core dumping, try "ulimit -c unlimited" before starting Java again
#
# If you would like to submit a bug report, please visit:
#   http://bugreport.sun.com/bugreport/crash.jsp
#

---------------  T H R E A D  ---------------

Current thread (0xb7607400):  JavaThread "main" [_thread_in_Java, id=8423, stack(0xb7794000,0xb77e5000)]

siginfo:si_signo=SIGSEGV: si_errno=0, si_code=128 (), si_addr=0x00000000

Registers:
EAX=0x00000000, EBX=0x9f0fb690, ECX=0xa5f46eb8, EDX=0x00000001
ESP=0xb77e3ab0, EBP=0x00000001, ESI=0xb48680f8, EDI=0x00000000
EIP=0xb48680f3, EFLAGS=0x00010246, CR2=0x00000004

Top of Stack: (sp=0xb77e3ab0)
0xb77e3ab0:   9f0fb690 7077595f b7607400 7478c0e8
0xb77e3ac0:   00000000 a5f46eb8 707751e0 9f0fb690
0xb77e3ad0:   00000001 b460bdd7 9f0fb690 9f0fb6b8
0xb77e3ae0:   7077595f b77e3b0c 70776bc0 7087c8c4
0xb77e3af0:   707759a8 00000000 b77e3b34 b45fb387
0xb77e3b00:   b45fb387 00000006 9f0fb638 b45fb387
0xb77e3b10:   9f0fb690 b77e3b14 7077586e b77e3b40
0xb77e3b20:   70776bc0 7087c7dc 70775898 b77e3b10 

Instructions: (pc=0xb48680f3)
0xb48680d3:   0f 83 00 02 00 00 f7 d3 8b 4c 24 2c 21 5c 81 0c
0xb48680e3:   8b 4c 24 14 8b 54 24 20 8b 5c 24 1c 89 1c 24 90
0xb48680f3:   e8 74 92 00 00 8b 44 24 1c 8b 5c 24 20 89 58 08
0xb4868103:   8b 5c 24 2c 33 d2 eb 15 8b ca 41 3b cd 0f 8d de 

Register to memory mapping:

EAX=0x00000000 is an unknown value
EBX=0x9f0fb690 is an oop
com.android.dx.cf.code.BasicBlocker 
 - klass: 'com/android/dx/cf/code/BasicBlocker'
ECX=0xa5f46eb8 is an oop
com.android.dx.cf.code.BytecodeArray 
 - klass: 'com/android/dx/cf/code/BytecodeArray'
EDX=0x00000001 is an unknown value
ESP=0xb77e3ab0 is pointing into the stack for thread: 0xb7607400
EBP=0x00000001 is an unknown value
ESI=0xb48680f8 is at entry_point+440 in (nmethod*)0xb4867dc8
EDI=0x00000000 is an unknown value


Stack: [0xb7794000,0xb77e5000],  sp=0xb77e3ab0,  free space=318k
Native frames: (J=compiled Java code, j=interpreted, Vv=VM code, C=native code)
J  com.android.dx.cf.code.BasicBlocker.doit()V


---------------  P R O C E S S  ---------------

Java Threads: ( => current thread )
  0x6d099400 JavaThread "Service Thread" daemon [_thread_blocked, id=8434, stack(0x6c9be000,0x6ca0f000)]
  0x6d097400 JavaThread "C2 CompilerThread1" daemon [_thread_blocked, id=8433, stack(0x6ca0f000,0x6ca90000)]
  0x6d095400 JavaThread "C2 CompilerThread0" daemon [_thread_blocked, id=8432, stack(0x6ca90000,0x6cb11000)]
  0x6d093c00 JavaThread "Signal Dispatcher" daemon [_thread_blocked, id=8431, stack(0x6fb2e000,0x6fb7f000)]
  0x6d084400 JavaThread "Finalizer" daemon [_thread_blocked, id=8430, stack(0x6fd2e000,0x6fd7f000)]
  0x6d082c00 JavaThread "Reference Handler" daemon [_thread_blocked, id=8429, stack(0xb7709000,0xb775a000)]
=>0xb7607400 JavaThread "main" [_thread_in_Java, id=8423, stack(0xb7794000,0xb77e5000)]

Other Threads:
  0x6d081000 VMThread [stack: 0x6d137000,0x6d1b8000] [id=8428]
  0x6d09b400 WatcherThread [stack: 0x6c93d000,0x6c9be000] [id=8435]

VM state:not at safepoint (normal execution)

VM Mutex/Monitor currently owned by a thread: None

Heap
 PSYoungGen      total 121344K, used 14807K [0x9ef80000, 0xac380000, 0xb4500000)
  eden space 104960K, 2% used [0x9ef80000,0x9f18edc8,0xa5600000)
  from space 16384K, 77% used [0xa5600000,0xa6266e38,0xa6600000)
  to   space 24576K, 0% used [0xaab80000,0xaab80000,0xac380000)
 ParOldGen       total 72192K, used 40483K [0x74500000, 0x78b80000, 0x9ef80000)
  object space 72192K, 56% used [0x74500000,0x76c88e90,0x78b80000)
 PSPermGen       total 16384K, used 3586K [0x70500000, 0x71500000, 0x74500000)
  object space 16384K, 21% used [0x70500000,0x708808d8,0x71500000)

Card table byte_map: [0x702df000,0x70500000] byte_map_base: 0x6ff5c800

Polling page: 0xb77fa000

Code Cache  [0xb45f8000, 0xb4880000, 0xb75f8000)
 total_blobs=805 nmethods=685 adapters=73 free_code_cache=46621Kb largest_free_block=47682880

Compilation events (10 events):
Event: 6.892 Thread 0x6d097400 nmethod 688 0xb48522c8 code [0xb48523c0, 0xb4852410]
Event: 6.894 Thread 0x6d097400  689             com.android.dx.dex.cf.AttributeTranslator::getExceptions (32 bytes)
Event: 6.899 Thread 0x6d097400 nmethod 689 0xb4862108 code [0xb4862240, 0xb4862510]
Event: 6.899 Thread 0x6d097400  690   !         com.android.dx.cf.code.BasicBlocker::doit (156 bytes)
Event: 7.503 Thread 0x6d097400 nmethod 690 0xb4867dc8 code [0xb4867f40, 0xb4868644]
Event: 7.503 Thread 0x6d097400  691             com.android.dx.cf.code.ConcreteMethod::getEffectiveDescriptor (10 bytes)
Event: 7.505 Thread 0x6d097400 nmethod 691 0xb4853f88 code [0xb4854080, 0xb48540f0]
Event: 7.506 Thread 0x6d097400  692             com.android.dx.rop.cst.CstBaseMethodRef::getPrototype (41 bytes)
Event: 7.510 Thread 0x6d097400 nmethod 692 0xb4861e88 code [0xb4861f80, 0xb486203c]
Event: 7.519 Thread 0x6d095400 nmethod 685 0xb486fdc8 code [0xb4871360, 0xb48772fc]

GC Heap History (10 events):
Event: 4.834 GC heap before
{Heap before GC invocations=6 (full 0):
 PSYoungGen      total 29952K, used 29942K [0x9ef80000, 0xa3280000, 0xb4500000)
  eden space 27648K, 100% used [0x9ef80000,0xa0a80000,0xa0a80000)
  from space 2304K, 99% used [0xa0a80000,0xa0cbd818,0xa0cc0000)
  to   space 6656K, 0% used [0xa2c00000,0xa2c00000,0xa3280000)
 ParOldGen       total 36608K, used 13172K [0x74500000, 0x768c0000, 0x9ef80000)
  object space 36608K, 35% used [0x74500000,0x751dd2c8,0x768c0000)
 PSPermGen       total 16384K, used 3520K [0x70500000, 0x71500000, 0x74500000)
  object space 16384K, 21% used [0x70500000,0x708700f8,0x71500000)
Event: 4.855 GC heap after
Heap after GC invocations=6 (full 0):
 PSYoungGen      total 61184K, used 6640K [0x9ef80000, 0xa3400000, 0xb4500000)
  eden space 54528K, 0% used [0x9ef80000,0x9ef80000,0xa24c0000)
  from space 6656K, 99% used [0xa2c00000,0xa327c3b0,0xa3280000)
  to   space 7424K, 0% used [0xa24c0000,0xa24c0000,0xa2c00000)
 ParOldGen       total 36608K, used 13556K [0x74500000, 0x768c0000, 0x9ef80000)
  object space 36608K, 37% used [0x74500000,0x7523d328,0x768c0000)
 PSPermGen       total 16384K, used 3520K [0x70500000, 0x71500000, 0x74500000)
  object space 16384K, 21% used [0x70500000,0x708700f8,0x71500000)
}
Event: 5.628 GC heap before
{Heap before GC invocations=7 (full 0):
 PSYoungGen      total 61184K, used 61168K [0x9ef80000, 0xa3400000, 0xb4500000)
  eden space 54528K, 100% used [0x9ef80000,0xa24c0000,0xa24c0000)
  from space 6656K, 99% used [0xa2c00000,0xa327c3b0,0xa3280000)
  to   space 7424K, 0% used [0xa24c0000,0xa24c0000,0xa2c00000)
 ParOldGen       total 36608K, used 13556K [0x74500000, 0x768c0000, 0x9ef80000)
  object space 36608K, 37% used [0x74500000,0x7523d328,0x768c0000)
 PSPermGen       total 16384K, used 3539K [0x70500000, 0x71500000, 0x74500000)
  object space 16384K, 21% used [0x70500000,0x70874ee0,0x71500000)
Event: 5.770 GC heap after
Heap after GC invocations=7 (full 0):
 PSYoungGen      total 61952K, used 7412K [0x9ef80000, 0xa7200000, 0xb4500000)
  eden space 54528K, 0% used [0x9ef80000,0x9ef80000,0xa24c0000)
  from space 7424K, 99% used [0xa24c0000,0xa2bfd2e8,0xa2c00000)
  to   space 12288K, 0% used [0xa6600000,0xa6600000,0xa7200000)
 ParOldGen       total 36608K, used 21658K [0x74500000, 0x768c0000, 0x9ef80000)
  object space 36608K, 59% used [0x74500000,0x75a26970,0x768c0000)
 PSPermGen       total 16384K, used 3539K [0x70500000, 0x71500000, 0x74500000)
  object space 16384K, 21% used [0x70500000,0x70874ee0,0x71500000)
}
Event: 6.241 GC heap before
{Heap before GC invocations=8 (full 0):
 PSYoungGen      total 61952K, used 61940K [0x9ef80000, 0xa7200000, 0xb4500000)
  eden space 54528K, 100% used [0x9ef80000,0xa24c0000,0xa24c0000)
  from space 7424K, 99% used [0xa24c0000,0xa2bfd2e8,0xa2c00000)
  to   space 12288K, 0% used [0xa6600000,0xa6600000,0xa7200000)
 ParOldGen       total 36608K, used 21658K [0x74500000, 0x768c0000, 0x9ef80000)
  object space 36608K, 59% used [0x74500000,0x75a26970,0x768c0000)
 PSPermGen       total 16384K, used 3554K [0x70500000, 0x71500000, 0x74500000)
  object space 16384K, 21% used [0x70500000,0x70878b08,0x71500000)
Event: 6.285 GC heap after
Heap after GC invocations=8 (full 0):
 PSYoungGen      total 117248K, used 12281K [0x9ef80000, 0xa7a00000, 0xb4500000)
  eden space 104960K, 0% used [0x9ef80000,0x9ef80000,0xa5600000)
  from space 12288K, 99% used [0xa6600000,0xa71fe5e8,0xa7200000)
  to   space 16384K, 0% used [0xa5600000,0xa5600000,0xa6600000)
 ParOldGen       total 36608K, used 26520K [0x74500000, 0x768c0000, 0x9ef80000)
  object space 36608K, 72% used [0x74500000,0x75ee61e8,0x768c0000)
 PSPermGen       total 16384K, used 3554K [0x70500000, 0x71500000, 0x74500000)
  object space 16384K, 21% used [0x70500000,0x70878b08,0x71500000)
}
Event: 6.922 GC heap before
{Heap before GC invocations=9 (full 0):
 PSYoungGen      total 117248K, used 117241K [0x9ef80000, 0xa7a00000, 0xb4500000)
  eden space 104960K, 100% used [0x9ef80000,0xa5600000,0xa5600000)
  from space 12288K, 99% used [0xa6600000,0xa71fe5e8,0xa7200000)
  to   space 16384K, 0% used [0xa5600000,0xa5600000,0xa6600000)
 ParOldGen       total 36608K, used 26520K [0x74500000, 0x768c0000, 0x9ef80000)
  object space 36608K, 72% used [0x74500000,0x75ee61e8,0x768c0000)
 PSPermGen       total 16384K, used 3587K [0x70500000, 0x71500000, 0x74500000)
  object space 16384K, 21% used [0x70500000,0x70880e60,0x71500000)
Event: 7.020 GC heap after
Heap after GC invocations=9 (full 0):
 PSYoungGen      total 121344K, used 16376K [0x9ef80000, 0xac380000, 0xb4500000)
  eden space 104960K, 0% used [0x9ef80000,0x9ef80000,0xa5600000)
  from space 16384K, 99% used [0xa5600000,0xa65fe050,0xa6600000)
  to   space 24576K, 0% used [0xaab80000,0xaab80000,0xac380000)
 ParOldGen       total 40704K, used 40700K [0x74500000, 0x76cc0000, 0x9ef80000)
  object space 40704K, 99% used [0x74500000,0x76cbf058,0x76cc0000)
 PSPermGen       total 16384K, used 3587K [0x70500000, 0x71500000, 0x74500000)
  object space 16384K, 21% used [0x70500000,0x70880e60,0x71500000)
}
Event: 7.020 GC heap before
{Heap before GC invocations=10 (full 1):
 PSYoungGen      total 121344K, used 16376K [0x9ef80000, 0xac380000, 0xb4500000)
  eden space 104960K, 0% used [0x9ef80000,0x9ef80000,0xa5600000)
  from space 16384K, 99% used [0xa5600000,0xa65fe050,0xa6600000)
  to   space 24576K, 0% used [0xaab80000,0xaab80000,0xac380000)
 ParOldGen       total 40704K, used 40700K [0x74500000, 0x76cc0000, 0x9ef80000)
  object space 40704K, 99% used [0x74500000,0x76cbf058,0x76cc0000)
 PSPermGen       total 16384K, used 3587K [0x70500000, 0x71500000, 0x74500000)
  object space 16384K, 21% used [0x70500000,0x70880e60,0x71500000)
Event: 7.501 GC heap after
Heap after GC invocations=10 (full 1):
 PSYoungGen      total 121344K, used 12699K [0x9ef80000, 0xac380000, 0xb4500000)
  eden space 104960K, 0% used [0x9ef80000,0x9ef80000,0xa5600000)
  from space 16384K, 77% used [0xa5600000,0xa6266e38,0xa6600000)
  to   space 24576K, 0% used [0xaab80000,0xaab80000,0xac380000)
 ParOldGen       total 72192K, used 40483K [0x74500000, 0x78b80000, 0x9ef80000)
  object space 72192K, 56% used [0x74500000,0x76c88e90,0x78b80000)
 PSPermGen       total 16384K, used 3584K [0x70500000, 0x71500000, 0x74500000)
  object space 16384K, 21% used [0x70500000,0x70880340,0x71500000)
}

Deoptimization events (10 events):
Event: 5.836 Thread 0xb7607400 Uncommon trap: reason=class_check action=maybe_recompile pc=0xb476a130 method=com.android.dx.ssa.PhiTypeResolver.run()V @ 151
Event: 5.980 Thread 0xb7607400 Uncommon trap: reason=bimorphic action=maybe_recompile pc=0xb47f6b5c method=com.android.dx.cf.code.BytecodeArray.parseInstruction(ILcom/android/dx/cf/code/BytecodeArray$Visitor;)I @ 907
Event: 5.981 Thread 0xb7607400 Uncommon trap: reason=bimorphic action=maybe_recompile pc=0xb47f6b5c method=com.android.dx.cf.code.BytecodeArray.parseInstruction(ILcom/android/dx/cf/code/BytecodeArray$Visitor;)I @ 907
Event: 6.177 Thread 0xb7607400 Uncommon trap: reason=unloaded action=reinterpret pc=0xb47297c8 method=com.android.dx.ssa.LiteralOpUpgrader$1.visitNonMoveInsn(Lcom/android/dx/ssa/NormalSsaInsn;)V @ 72
Event: 6.786 Thread 0xb7607400 Uncommon trap: reason=bimorphic action=maybe_recompile pc=0xb4846520 method=com.android.dx.cf.code.BytecodeArray.parseInstruction(ILcom/android/dx/cf/code/BytecodeArray$Visitor;)I @ 1130
Event: 6.786 Thread 0xb7607400 Uncommon trap: reason=bimorphic action=maybe_recompile pc=0xb4846520 method=com.android.dx.cf.code.BytecodeArray.parseInstruction(ILcom/android/dx/cf/code/BytecodeArray$Visitor;)I @ 1130
Event: 6.811 Thread 0xb7607400 Uncommon trap: reason=bimorphic action=maybe_recompile pc=0xb472d660 method=com.android.dx.ssa.LiteralOpUpgrader.tryReplacingWithConstant(Lcom/android/dx/ssa/NormalSsaInsn;)Z @ 62
Event: 6.813 Thread 0xb7607400 Uncommon trap: reason=bimorphic action=maybe_recompile pc=0xb472d660 method=com.android.dx.ssa.LiteralOpUpgrader.tryReplacingWithConstant(Lcom/android/dx/ssa/NormalSsaInsn;)Z @ 62
Event: 6.816 Thread 0xb7607400 Uncommon trap: reason=bimorphic action=maybe_recompile pc=0xb472d660 method=com.android.dx.ssa.LiteralOpUpgrader.tryReplacingWithConstant(Lcom/android/dx/ssa/NormalSsaInsn;)Z @ 62
Event: 6.825 Thread 0xb7607400 Uncommon trap: reason=bimorphic action=maybe_recompile pc=0xb473003c method=com.android.dx.ssa.LiteralOpUpgrader.tryReplacingWithConstant(Lcom/android/dx/ssa/NormalSsaInsn;)Z @ 62

Internal exceptions (10 events):
Event: 1.970 Thread 0xb7607400 Threw 0x9f2b8118 at /HUDSON/workspace/7u-2-build-linux-i586/jdk7u51/527/hotspot/src/share/vm/prims/jvm.cpp:1244
Event: 2.241 Thread 0xb7607400 Implicit null exception at 0xb468a643 to 0xb468b4d5
Event: 2.326 Thread 0xb7607400 Threw 0x9fa01458 at /HUDSON/workspace/7u-2-build-linux-i586/jdk7u51/527/hotspot/src/share/vm/prims/jvm.cpp:1244
Event: 2.985 Thread 0xb7607400 Threw 0x9fbd6a30 at /HUDSON/workspace/7u-2-build-linux-i586/jdk7u51/527/hotspot/src/share/vm/prims/jvm.cpp:1244
Event: 3.297 Thread 0xb7607400 Implicit null exception at 0xb46c59ba to 0xb46c5fad
Event: 3.616 Thread 0xb7607400 Threw 0x9f2b4818 at /HUDSON/workspace/7u-2-build-linux-i586/jdk7u51/527/hotspot/src/share/vm/prims/jvm.cpp:1244
Event: 5.859 Thread 0xb7607400 Threw 0x9f976358 at /HUDSON/workspace/7u-2-build-linux-i586/jdk7u51/527/hotspot/src/share/vm/prims/jvm.cpp:1244
Event: 5.970 Thread 0xb7607400 Threw 0xa034cad8 at /HUDSON/workspace/7u-2-build-linux-i586/jdk7u51/527/hotspot/src/share/vm/prims/jvm.cpp:1244
Event: 6.177 Thread 0xb7607400 Threw 0xa1b5b200 at /HUDSON/workspace/7u-2-build-linux-i586/jdk7u51/527/hotspot/src/share/vm/prims/jvm.cpp:1244
Event: 7.519 Thread 0xb7607400 Implicit null exception at 0xb48680f3 to 0x00000000

Events (10 events):
Event: 6.813 Thread 0xb7607400 DEOPT PACKING pc=0xb472d660 sp=0xb77e3980
Event: 6.813 Thread 0xb7607400 DEOPT UNPACKING pc=0xb4624bbc sp=0xb77e3930 mode 2
Event: 6.816 Thread 0xb7607400 Uncommon trap: trap_request=0xffffffc6 fr.pc=0xb472d660
Event: 6.816 Thread 0xb7607400 DEOPT PACKING pc=0xb472d660 sp=0xb77e39d0
Event: 6.816 Thread 0xb7607400 DEOPT UNPACKING pc=0xb4624bbc sp=0xb77e3980 mode 2
Event: 6.825 Thread 0xb7607400 Uncommon trap: trap_request=0xffffffc6 fr.pc=0xb473003c
Event: 6.825 Thread 0xb7607400 DEOPT PACKING pc=0xb473003c sp=0xb77e3990
Event: 6.825 Thread 0xb7607400 DEOPT UNPACKING pc=0xb4624bbc sp=0xb77e3978 mode 2
Event: 6.922 Executing VM operation: ParallelGCFailedAllocation
Event: 7.501 Executing VM operation: ParallelGCFailedAllocation done


Dynamic libraries:
00110000-002b3000 r-xp 00000000 08:05 393337     /lib/i386-linux-gnu/libc-2.15.so
002b3000-002b5000 r--p 001a3000 08:05 393337     /lib/i386-linux-gnu/libc-2.15.so
002b5000-002b6000 rw-p 001a5000 08:05 393337     /lib/i386-linux-gnu/libc-2.15.so
002b6000-002b9000 rw-p 00000000 00:00 0 
002b9000-002c4000 r-xp 00000000 08:05 8653047    /opt/java/32/jre1.7.0_51/lib/i386/libverify.so
002c4000-002c5000 rw-p 0000b000 08:05 8653047    /opt/java/32/jre1.7.0_51/lib/i386/libverify.so
002c5000-002cc000 r-xp 00000000 08:05 393339     /lib/i386-linux-gnu/libnss_compat-2.15.so
002cc000-002cd000 r--p 00006000 08:05 393339     /lib/i386-linux-gnu/libnss_compat-2.15.so
002cd000-002ce000 rw-p 00007000 08:05 393339     /lib/i386-linux-gnu/libnss_compat-2.15.so
002ce000-002e4000 r-xp 00000000 08:05 397323     /lib/i386-linux-gnu/libnsl-2.15.so
002e4000-002e5000 r--p 00015000 08:05 397323     /lib/i386-linux-gnu/libnsl-2.15.so
002e5000-002e6000 rw-p 00016000 08:05 397323     /lib/i386-linux-gnu/libnsl-2.15.so
002e6000-002e8000 rw-p 00000000 00:00 0 
002e8000-002ff000 r-xp 00000000 08:05 8653101    /opt/java/32/jre1.7.0_51/lib/i386/libzip.so
002ff000-00300000 rw-p 00017000 08:05 8653101    /opt/java/32/jre1.7.0_51/lib/i386/libzip.so
00300000-0030e000 r-xp 00000000 08:05 8653088    /opt/java/32/jre1.7.0_51/lib/i386/libnio.so
0030e000-0030f000 rw-p 0000e000 08:05 8653088    /opt/java/32/jre1.7.0_51/lib/i386/libnio.so
0030f000-00324000 r-xp 00000000 08:05 8653080    /opt/java/32/jre1.7.0_51/lib/i386/libnet.so
00324000-00325000 rw-p 00014000 08:05 8653080    /opt/java/32/jre1.7.0_51/lib/i386/libnet.so
0032e000-00341000 r-xp 00000000 08:05 8653069    /opt/java/32/jre1.7.0_51/lib/i386/jli/libjli.so
00341000-00342000 rw-p 00012000 08:05 8653069    /opt/java/32/jre1.7.0_51/lib/i386/jli/libjli.so
0035e000-00365000 r-xp 00000000 08:05 393344     /lib/i386-linux-gnu/librt-2.15.so
00365000-00366000 r--p 00006000 08:05 393344     /lib/i386-linux-gnu/librt-2.15.so
00366000-00367000 rw-p 00007000 08:05 393344     /lib/i386-linux-gnu/librt-2.15.so
005ca000-005d4000 r-xp 00000000 08:05 393345     /lib/i386-linux-gnu/libnss_nis-2.15.so
005d4000-005d5000 r--p 00009000 08:05 393345     /lib/i386-linux-gnu/libnss_nis-2.15.so
005d5000-005d6000 rw-p 0000a000 08:05 393345     /lib/i386-linux-gnu/libnss_nis-2.15.so
005e2000-00605000 r-xp 00000000 08:05 8653065    /opt/java/32/jre1.7.0_51/lib/i386/libjava.so
00605000-00606000 rw-p 00022000 08:05 8653065    /opt/java/32/jre1.7.0_51/lib/i386/libjava.so
006aa000-006b5000 r-xp 00000000 08:05 393341     /lib/i386-linux-gnu/libnss_files-2.15.so
006b5000-006b6000 r--p 0000a000 08:05 393341     /lib/i386-linux-gnu/libnss_files-2.15.so
006b6000-006b7000 rw-p 0000b000 08:05 393341     /lib/i386-linux-gnu/libnss_files-2.15.so
00705000-0071c000 r-xp 00000000 08:05 393346     /lib/i386-linux-gnu/libpthread-2.15.so
0071c000-0071d000 r--p 00016000 08:05 393346     /lib/i386-linux-gnu/libpthread-2.15.so
0071d000-0071e000 rw-p 00017000 08:05 393346     /lib/i386-linux-gnu/libpthread-2.15.so
0071e000-00720000 rw-p 00000000 00:00 0 
00953000-00954000 r-xp 00000000 00:00 0          [vdso]
00970000-00990000 r-xp 00000000 08:05 393349     /lib/i386-linux-gnu/ld-2.15.so
00990000-00991000 r--p 0001f000 08:05 393349     /lib/i386-linux-gnu/ld-2.15.so
00991000-00992000 rw-p 00020000 08:05 393349     /lib/i386-linux-gnu/ld-2.15.so
00b89000-00bb3000 r-xp 00000000 08:05 393348     /lib/i386-linux-gnu/libm-2.15.so
00bb3000-00bb4000 r--p 00029000 08:05 393348     /lib/i386-linux-gnu/libm-2.15.so
00bb4000-00bb5000 rw-p 0002a000 08:05 393348     /lib/i386-linux-gnu/libm-2.15.so
00c42000-00c45000 r-xp 00000000 08:05 394299     /lib/i386-linux-gnu/libdl-2.15.so
00c45000-00c46000 r--p 00002000 08:05 394299     /lib/i386-linux-gnu/libdl-2.15.so
00c46000-00c47000 rw-p 00003000 08:05 394299     /lib/i386-linux-gnu/libdl-2.15.so
00c47000-014be000 r-xp 00000000 08:05 8653100    /opt/java/32/jre1.7.0_51/lib/i386/server/libjvm.so
014be000-01522000 rw-p 00877000 08:05 8653100    /opt/java/32/jre1.7.0_51/lib/i386/server/libjvm.so
01522000-01945000 rw-p 00000000 00:00 0 
08048000-08049000 r-xp 00000000 08:05 7625060    /opt/java/32/jre1.7.0_51/bin/java
08049000-0804a000 rw-p 00000000 08:05 7625060    /opt/java/32/jre1.7.0_51/bin/java
099ff000-09ad1000 rw-p 00000000 00:00 0          [heap]
6af00000-6af35000 rw-p 00000000 00:00 0 
6af35000-6b000000 ---p 00000000 00:00 0 
6b300000-6b400000 rw-p 00000000 00:00 0 
6b500000-6b5fc000 rw-p 00000000 00:00 0 
6b5fc000-6b600000 ---p 00000000 00:00 0 
6b700000-6b7f4000 rw-p 00000000 00:00 0 
6b7f4000-6b800000 ---p 00000000 00:00 0 
6b800000-6b8f8000 rw-p 00000000 00:00 0 
6b8f8000-6b900000 ---p 00000000 00:00 0 
6b900000-6b9ea000 rw-p 00000000 00:00 0 
6b9ea000-6ba00000 ---p 00000000 00:00 0 
6ba00000-6baf9000 rw-p 00000000 00:00 0 
6baf9000-6bb00000 ---p 00000000 00:00 0 
6bb00000-6bbfc000 rw-p 00000000 00:00 0 
6bbfc000-6bc00000 ---p 00000000 00:00 0 
6bc00000-6bcff000 rw-p 00000000 00:00 0 
6bcff000-6bd00000 ---p 00000000 00:00 0 
6bd00000-6bdf3000 rw-p 00000000 00:00 0 
6bdf3000-6be00000 ---p 00000000 00:00 0 
6be00000-6beef000 rw-p 00000000 00:00 0 
6beef000-6bf00000 ---p 00000000 00:00 0 
6bf00000-6bfe8000 rw-p 00000000 00:00 0 
6bfe8000-6c000000 ---p 00000000 00:00 0 
6c000000-6c100000 rw-p 00000000 00:00 0 
6c100000-6c200000 rw-p 00000000 00:00 0 
6c300000-6c3fc000 rw-p 00000000 00:00 0 
6c3fc000-6c400000 ---p 00000000 00:00 0 
6c400000-6c4fb000 rw-p 00000000 00:00 0 
6c4fb000-6c500000 ---p 00000000 00:00 0 
6c500000-6c5fa000 rw-p 00000000 00:00 0 
6c5fa000-6c600000 ---p 00000000 00:00 0 
6c600000-6c6e8000 rw-p 00000000 00:00 0 
6c6e8000-6c700000 ---p 00000000 00:00 0 
6c700000-6c7a2000 rw-p 00000000 00:00 0 
6c7a2000-6c800000 ---p 00000000 00:00 0 
6c8fd000-6c93d000 r--s 002d6000 08:05 403554     /home/kazuya/hackathon/music-link-android/bin/classes.proguard.jar
6c93d000-6c93e000 ---p 00000000 00:00 0 
6c93e000-6c9be000 rw-p 00000000 00:00 0 
6c9be000-6c9c1000 ---p 00000000 00:00 0 
6c9c1000-6ca0f000 rw-p 00000000 00:00 0 
6ca0f000-6ca12000 ---p 00000000 00:00 0 
6ca12000-6ca90000 rw-p 00000000 00:00 0 
6ca90000-6ca93000 ---p 00000000 00:00 0 
6ca93000-6cb11000 rw-p 00000000 00:00 0 
6cb11000-6cc00000 r--p 00857000 08:05 2104723    /usr/lib/locale/locale-archive
6cc00000-6ce00000 r--p 00000000 08:05 2104723    /usr/lib/locale/locale-archive
6ce00000-6cefd000 rw-p 00000000 00:00 0 
6cefd000-6cf00000 ---p 00000000 00:00 0 
6cf00000-6cf21000 rw-p 00000000 00:00 0 
6cf21000-6d000000 ---p 00000000 00:00 0 
6d000000-6d0ff000 rw-p 00000000 00:00 0 
6d0ff000-6d100000 ---p 00000000 00:00 0 
6d137000-6d138000 ---p 00000000 00:00 0 
6d138000-6d203000 rw-p 00000000 00:00 0 
6d203000-6d3c0000 r--s 031a3000 08:05 8264654    /opt/java/32/jre1.7.0_51/lib/rt.jar
6d3c0000-6fa00000 rw-p 00000000 00:00 0 
6fa00000-6fafe000 rw-p 00000000 00:00 0 
6fafe000-6fb00000 ---p 00000000 00:00 0 
6fb2e000-6fb31000 ---p 00000000 00:00 0 
6fb31000-6fb7f000 rw-p 00000000 00:00 0 
6fb7f000-6fb80000 ---p 00000000 00:00 0 
6fb80000-6fc00000 rw-p 00000000 00:00 0 
6fc00000-6fc21000 rw-p 00000000 00:00 0 
6fc21000-6fd00000 ---p 00000000 00:00 0 
6fd2e000-6fd31000 ---p 00000000 00:00 0 
6fd31000-6fd7f000 rw-p 00000000 00:00 0 
6fd7f000-6fd80000 ---p 00000000 00:00 0 
6fd80000-6fe00000 rw-p 00000000 00:00 0 
6fe00000-6fe21000 rw-p 00000000 00:00 0 
6fe21000-6ff00000 ---p 00000000 00:00 0 
6ff24000-6ff7f000 rw-p 00000000 00:00 0 
6ff7f000-6ff80000 ---p 00000000 00:00 0 
6ff80000-70000000 rw-p 00000000 00:00 0 
70000000-70021000 rw-p 00000000 00:00 0 
70021000-70100000 ---p 00000000 00:00 0 
70108000-70109000 ---p 00000000 00:00 0 
70109000-701ad000 rw-p 00000000 00:00 0 
701ad000-702df000 rw-p 00000000 00:00 0 
702df000-702e7000 rw-p 00000000 00:00 0 
702e7000-702ff000 rw-p 00000000 00:00 0 
702ff000-70323000 rw-p 00000000 00:00 0 
70323000-70454000 rw-p 00000000 00:00 0 
70454000-704bf000 rw-p 00000000 00:00 0 
704bf000-704ff000 rw-p 00000000 00:00 0 
704ff000-71500000 rw-p 00000000 00:00 0 
71500000-74500000 rw-p 00000000 00:00 0 
74500000-78b80000 rw-p 00000000 00:00 0 
78b80000-9ef80000 rw-p 00000000 00:00 0 
9ef80000-ac380000 rw-p 00000000 00:00 0 
ac380000-b4500000 rw-p 00000000 00:00 0 
b4538000-b4543000 rw-p 00000000 00:00 0 
b4543000-b45f8000 rw-p 00000000 00:00 0 
b45f8000-b4880000 rwxp 00000000 00:00 0 
b4880000-b75f8000 rw-p 00000000 00:00 0 
b75f8000-b7600000 rw-s 00000000 08:05 4200393    /tmp/hsperfdata_kazuya/8412
b7600000-b76f5000 rw-p 00000000 00:00 0 
b76f5000-b7700000 ---p 00000000 00:00 0 
b7709000-b770c000 ---p 00000000 00:00 0 
b770c000-b777c000 rw-p 00000000 00:00 0 
b777c000-b7794000 rw-p 00000000 00:00 0 
b7794000-b7797000 ---p 00000000 00:00 0 
b7797000-b77e7000 rw-p 00000000 00:00 0 
b77eb000-b77f9000 r--s 000cf000 08:05 1576394    /usr/local/android-studio/sdk/build-tools/android-4.4.2/lib/dx.jar
b77f9000-b77fa000 rw-p 00000000 00:00 0 
b77fa000-b77fb000 r--p 00000000 00:00 0 
b77fb000-b77fd000 rw-p 00000000 00:00 0 
bfc33000-bfc54000 rw-p 00000000 00:00 0          [stack]

VM Arguments:
jvm_args: -Xmx1024m 
java_command: /usr/local/android-studio/sdk/build-tools/android-4.4.2/lib/dx.jar --dex --incremental --no-strict --output /home/kazuya/hackathon/music-link-android/bin/classes.dex /home/kazuya/hackathon/music-link-android/bin/classes.proguard.jar
Launcher Type: SUN_STANDARD

Environment Variables:
JAVA_HOME=/usr/lib/jvm/java-7-openjdk-i386
PATH=/home/kazuya/.rbenv/shims:/home/kazuya/.rbenv/bin:/home/kazuya/bin:/usr/local/sbin:/usr/local/bin:/usr/sbin:/usr/bin:/sbin:/bin:/usr/games:/home/kazuya/tools/Sublime Text 2:/home/kazuya/tools/adt-bundle-linux-x86-20130917/eclipse:/usr/local/eclipse:/usr/local/android-studio/sdk/tools:/usr/local/android-studio/sdk/platform-tools:/usr/local/android-studio/bin
USERNAME=kazuya
SHELL=/usr/bin/zsh
DISPLAY=:0.0

Signal Handlers:
SIGSEGV: [libjvm.so+0x7dd5e0], sa_mask[0]=0x7ffbfeff, sa_flags=0x10000004
SIGBUS: [libjvm.so+0x7dd5e0], sa_mask[0]=0x7ffbfeff, sa_flags=0x10000004
SIGFPE: [libjvm.so+0x678d60], sa_mask[0]=0x7ffbfeff, sa_flags=0x10000004
SIGPIPE: [libjvm.so+0x678d60], sa_mask[0]=0x7ffbfeff, sa_flags=0x10000004
SIGXFSZ: [libjvm.so+0x678d60], sa_mask[0]=0x7ffbfeff, sa_flags=0x10000004
SIGILL: [libjvm.so+0x678d60], sa_mask[0]=0x7ffbfeff, sa_flags=0x10000004
SIGUSR1: SIG_DFL, sa_mask[0]=0x00000000, sa_flags=0x00000000
SIGUSR2: [libjvm.so+0x67a250], sa_mask[0]=0x00000004, sa_flags=0x10000004
SIGHUP: [libjvm.so+0x67b3a0], sa_mask[0]=0x7ffbfeff, sa_flags=0x10000004
SIGINT: [libjvm.so+0x67b3a0], sa_mask[0]=0x7ffbfeff, sa_flags=0x10000004
SIGTERM: [libjvm.so+0x67b3a0], sa_mask[0]=0x7ffbfeff, sa_flags=0x10000004
SIGQUIT: [libjvm.so+0x67b3a0], sa_mask[0]=0x7ffbfeff, sa_flags=0x10000004


---------------  S Y S T E M  ---------------

OS:wheezy/sid

uname:Linux 3.2.0-23-generic #36-Ubuntu SMP Tue Apr 10 20:41:14 UTC 2012 i686
libc:glibc 2.15 NPTL 2.15 
rlimit: STACK 8192k, CORE 0k, NPROC 27461, NOFILE 4096, AS infinity
load average:2.07 2.29 1.63

/proc/meminfo:
MemTotal:        3529532 kB
MemFree:          173296 kB
Buffers:            5392 kB
Cached:           462804 kB
SwapCached:         1568 kB
Active:          1974608 kB
Inactive:         789596 kB
Active(anon):    1878644 kB
Inactive(anon):   693560 kB
Active(file):      95964 kB
Inactive(file):    96036 kB
Unevictable:           0 kB
Mlocked:               0 kB
HighTotal:       2675396 kB
HighFree:          20432 kB
LowTotal:         854136 kB
LowFree:          152864 kB
SwapTotal:       4077564 kB
SwapFree:        4049256 kB
Dirty:              5676 kB
Writeback:             0 kB
AnonPages:       2294960 kB
Mapped:           571204 kB
Shmem:            276164 kB
Slab:              52752 kB
SReclaimable:      32508 kB
SUnreclaim:        20244 kB
KernelStack:        4216 kB
PageTables:         9452 kB
NFS_Unstable:          0 kB
Bounce:                0 kB
WritebackTmp:          0 kB
CommitLimit:     5842328 kB
Committed_AS:    5056604 kB
VmallocTotal:     122880 kB
VmallocUsed:       24104 kB
VmallocChunk:      92636 kB
HardwareCorrupted:     0 kB
AnonHugePages:         0 kB
HugePages_Total:       0
HugePages_Free:        0
HugePages_Rsvd:        0
HugePages_Surp:        0
Hugepagesize:       4096 kB
DirectMap4k:       16376 kB
DirectMap4M:      892928 kB


CPU:total 4 (2 cores per cpu, 2 threads per core) family 6 model 42 stepping 7, cmov, cx8, fxsr, mmx, sse, sse2, sse3, ssse3, sse4.1, sse4.2, popcnt, avx, aes, ht, tsc, tscinvbit

/proc/cpuinfo:
processor	: 0
vendor_id	: GenuineIntel
cpu family	: 6
model		: 42
model name	: Intel(R) Core(TM) i5-2520M CPU @ 2.50GHz
stepping	: 7
microcode	: 0x14
cpu MHz		: 1800.000
cache size	: 3072 KB
physical id	: 0
siblings	: 4
core id		: 0
cpu cores	: 2
apicid		: 0
initial apicid	: 0
fdiv_bug	: no
hlt_bug		: no
f00f_bug	: no
coma_bug	: no
fpu		: yes
fpu_exception	: yes
cpuid level	: 13
wp		: yes
flags		: fpu vme de pse tsc msr pae mce cx8 apic mtrr pge mca cmov pat pse36 clflush dts acpi mmx fxsr sse sse2 ss ht tm pbe nx rdtscp lm constant_tsc arch_perfmon pebs bts xtopology nonstop_tsc aperfmperf pni pclmulqdq dtes64 monitor ds_cpl vmx smx est tm2 ssse3 cx16 xtpr pdcm pcid sse4_1 sse4_2 x2apic popcnt tsc_deadline_timer aes xsave avx lahf_lm ida arat epb xsaveopt pln pts dts tpr_shadow vnmi flexpriority ept vpid
bogomips	: 4983.86
clflush size	: 64
cache_alignment	: 64
address sizes	: 36 bits physical, 48 bits virtual
power management:

processor	: 1
vendor_id	: GenuineIntel
cpu family	: 6
model		: 42
model name	: Intel(R) Core(TM) i5-2520M CPU @ 2.50GHz
stepping	: 7
microcode	: 0x14
cpu MHz		: 2501.000
cache size	: 3072 KB
physical id	: 0
siblings	: 4
core id		: 1
cpu cores	: 2
apicid		: 2
initial apicid	: 2
fdiv_bug	: no
hlt_bug		: no
f00f_bug	: no
coma_bug	: no
fpu		: yes
fpu_exception	: yes
cpuid level	: 13
wp		: yes
flags		: fpu vme de pse tsc msr pae mce cx8 apic mtrr pge mca cmov pat pse36 clflush dts acpi mmx fxsr sse sse2 ss ht tm pbe nx rdtscp lm constant_tsc arch_perfmon pebs bts xtopology nonstop_tsc aperfmperf pni pclmulqdq dtes64 monitor ds_cpl vmx smx est tm2 ssse3 cx16 xtpr pdcm pcid sse4_1 sse4_2 x2apic popcnt tsc_deadline_timer aes xsave avx lahf_lm ida arat epb xsaveopt pln pts dts tpr_shadow vnmi flexpriority ept vpid
bogomips	: 4983.64
clflush size	: 64
cache_alignment	: 64
address sizes	: 36 bits physical, 48 bits virtual
power management:

processor	: 2
vendor_id	: GenuineIntel
cpu family	: 6
model		: 42
model name	: Intel(R) Core(TM) i5-2520M CPU @ 2.50GHz
stepping	: 7
microcode	: 0x14
cpu MHz		: 1800.000
cache size	: 3072 KB
physical id	: 0
siblings	: 4
core id		: 0
cpu cores	: 2
apicid		: 1
initial apicid	: 1
fdiv_bug	: no
hlt_bug		: no
f00f_bug	: no
coma_bug	: no
fpu		: yes
fpu_exception	: yes
cpuid level	: 13
wp		: yes
flags		: fpu vme de pse tsc msr pae mce cx8 apic mtrr pge mca cmov pat pse36 clflush dts acpi mmx fxsr sse sse2 ss ht tm pbe nx rdtscp lm constant_tsc arch_perfmon pebs bts xtopology nonstop_tsc aperfmperf pni pclmulqdq dtes64 monitor ds_cpl vmx smx est tm2 ssse3 cx16 xtpr pdcm pcid sse4_1 sse4_2 x2apic popcnt tsc_deadline_timer aes xsave avx lahf_lm ida arat epb xsaveopt pln pts dts tpr_shadow vnmi flexpriority ept vpid
bogomips	: 4983.62
clflush size	: 64
cache_alignment	: 64
address sizes	: 36 bits physical, 48 bits virtual
power management:

processor	: 3
vendor_id	: GenuineIntel
cpu family	: 6
model		: 42
model name	: Intel(R) Core(TM) i5-2520M CPU @ 2.50GHz
stepping	: 7
microcode	: 0x14
cpu MHz		: 800.000
cache size	: 3072 KB
physical id	: 0
siblings	: 4
core id		: 1
cpu cores	: 2
apicid		: 3
initial apicid	: 3
fdiv_bug	: no
hlt_bug		: no
f00f_bug	: no
coma_bug	: no
fpu		: yes
fpu_exception	: yes
cpuid level	: 13
wp		: yes
flags		: fpu vme de pse tsc msr pae mce cx8 apic mtrr pge mca cmov pat pse36 clflush dts acpi mmx fxsr sse sse2 ss ht tm pbe nx rdtscp lm constant_tsc arch_perfmon pebs bts xtopology nonstop_tsc aperfmperf pni pclmulqdq dtes64 monitor ds_cpl vmx smx est tm2 ssse3 cx16 xtpr pdcm pcid sse4_1 sse4_2 x2apic popcnt tsc_deadline_timer aes xsave avx lahf_lm ida arat epb xsaveopt pln pts dts tpr_shadow vnmi flexpriority ept vpid
bogomips	: 4983.63
clflush size	: 64
cache_alignment	: 64
address sizes	: 36 bits physical, 48 bits virtual
power management:



Memory: 4k page, physical 3529532k(173296k free), swap 4077564k(4049256k free)

vm_info: Java HotSpot(TM) Server VM (24.51-b03) for linux-x86 JRE (1.7.0_51-b13), built on Dec 18 2013 18:45:30 by "java_re" with gcc 4.3.0 20080428 (Red Hat 4.3.0-8)

time: Sun Jun 15 11:14:24 2014
elapsed time: 7 seconds

